<?xml version="1.0" encoding="UTF-8"?>
<!-- Generated by org.testng.reporters.JUnitXMLReporter -->
<testsuite hostname="evs01cpb424" name="TestA" tests="2" failures="1" timestamp="20 Feb 2017 09:47:55 GMT" time="0.019" errors="0">
  <testcase name="setdata" time="0.006" classname="practice_pck.Data_provider"/>
  <testcase name="setdata" time="0.012" classname="practice_pck.Data_provider">
    <failure type="java.lang.NullPointerException">
      <![CDATA[java.lang.NullPointerException
	at practice_pck.Listener.takesscreenshot_pass(Listener.java:63)
	at practice_pck.Listener.onTestSuccess(Listener.java:84)
... Removed 21 stack frames]]>
    </failure>
  </testcase> <!-- setdata -->
</testsuite> <!-- TestA -->
