<?xml version="1.0" encoding="UTF-8"?>
<testng-results skipped="0" failed="0" total="1" passed="1">
  <reporter-output>
  </reporter-output>
  <suite name="Default suite" duration-ms="32" started-at="2017-10-26T06:27:01Z" finished-at="2017-10-26T06:27:01Z">
    <groups>
    </groups>
    <test name="Default test" duration-ms="32" started-at="2017-10-26T06:27:01Z" finished-at="2017-10-26T06:27:01Z">
      <class name="practice_pck.java_practice">
        <test-method status="PASS" signature="triangle_pattern()[pri:0, instance:practice_pck.java_practice@4439f31e]" name="triangle_pattern" duration-ms="0" started-at="2017-10-26T11:57:01Z" finished-at="2017-10-26T11:57:01Z">
          <reporter-output>
          </reporter-output>
        </test-method> <!-- triangle_pattern -->
      </class> <!-- practice_pck.java_practice -->
    </test> <!-- Default test -->
  </suite> <!-- Default suite -->
</testng-results>
